e:\users\liam\projects\unlimited\dependencies\glfw-3.2.1\build\src\glfw.dir\debug\glfw.pdb
e:\users\liam\projects\unlimited\dependencies\glfw-3.2.1\build\src\glfw.dir\debug\egl_context.obj
e:\users\liam\projects\unlimited\dependencies\glfw-3.2.1\build\src\glfw.dir\debug\wgl_context.obj
e:\users\liam\projects\unlimited\dependencies\glfw-3.2.1\build\src\glfw.dir\debug\win32_window.obj
e:\users\liam\projects\unlimited\dependencies\glfw-3.2.1\build\src\glfw.dir\debug\win32_tls.obj
e:\users\liam\projects\unlimited\dependencies\glfw-3.2.1\build\src\glfw.dir\debug\win32_time.obj
e:\users\liam\projects\unlimited\dependencies\glfw-3.2.1\build\src\glfw.dir\debug\win32_monitor.obj
e:\users\liam\projects\unlimited\dependencies\glfw-3.2.1\build\src\glfw.dir\debug\win32_joystick.obj
e:\users\liam\projects\unlimited\dependencies\glfw-3.2.1\build\src\glfw.dir\debug\win32_init.obj
e:\users\liam\projects\unlimited\dependencies\glfw-3.2.1\build\src\glfw.dir\debug\window.obj
e:\users\liam\projects\unlimited\dependencies\glfw-3.2.1\build\src\glfw.dir\debug\vulkan.obj
e:\users\liam\projects\unlimited\dependencies\glfw-3.2.1\build\src\glfw.dir\debug\monitor.obj
e:\users\liam\projects\unlimited\dependencies\glfw-3.2.1\build\src\glfw.dir\debug\input.obj
e:\users\liam\projects\unlimited\dependencies\glfw-3.2.1\build\src\glfw.dir\debug\init.obj
e:\users\liam\projects\unlimited\dependencies\glfw-3.2.1\build\src\glfw.dir\debug\context.obj
e:\users\liam\projects\unlimited\dependencies\glfw-3.2.1\build\src\cmakefiles\generate.stamp
e:\users\liam\projects\unlimited\dependencies\glfw-3.2.1\build\src\debug\glfw3.lib
e:\users\liam\projects\unlimited\dependencies\glfw-3.2.1\build\src\glfw.dir\debug\glfw.tlog\cl.command.1.tlog
e:\users\liam\projects\unlimited\dependencies\glfw-3.2.1\build\src\glfw.dir\debug\glfw.tlog\cl.read.1.tlog
e:\users\liam\projects\unlimited\dependencies\glfw-3.2.1\build\src\glfw.dir\debug\glfw.tlog\cl.write.1.tlog
e:\users\liam\projects\unlimited\dependencies\glfw-3.2.1\build\src\glfw.dir\debug\glfw.tlog\custombuild.command.1.tlog
e:\users\liam\projects\unlimited\dependencies\glfw-3.2.1\build\src\glfw.dir\debug\glfw.tlog\custombuild.read.1.tlog
e:\users\liam\projects\unlimited\dependencies\glfw-3.2.1\build\src\glfw.dir\debug\glfw.tlog\custombuild.write.1.tlog
e:\users\liam\projects\unlimited\dependencies\glfw-3.2.1\build\src\glfw.dir\debug\glfw.tlog\lib-link.read.1.tlog
e:\users\liam\projects\unlimited\dependencies\glfw-3.2.1\build\src\glfw.dir\debug\glfw.tlog\lib-link.write.1.tlog
e:\users\liam\projects\unlimited\dependencies\glfw-3.2.1\build\src\glfw.dir\debug\glfw.tlog\lib.command.1.tlog
