e:\users\liam\projects\unlimited\dependencies\glew-2.1.0\glew.dir\debug\vc141.pdb
e:\users\liam\projects\unlimited\dependencies\glew-2.1.0\glew.dir\debug\glew.obj
e:\users\liam\projects\unlimited\dependencies\glew-2.1.0\cmakefiles\generate.stamp
e:\users\liam\projects\unlimited\dependencies\glew-2.1.0\lib\debug\glew32d.lib
e:\users\liam\projects\unlimited\dependencies\glew-2.1.0\lib\debug\glew32d.exp
e:\users\liam\projects\unlimited\dependencies\glew-2.1.0\bin\debug\glew32d.ilk
e:\users\liam\projects\unlimited\dependencies\glew-2.1.0\bin\debug\glew32d.dll
e:\users\liam\projects\unlimited\dependencies\glew-2.1.0\bin\debug\glew32d.pdb
e:\users\liam\projects\unlimited\dependencies\glew-2.1.0\glew.dir\debug\glew.res
e:\users\liam\projects\unlimited\dependencies\glew-2.1.0\glew.dir\debug\glew.tlog\cl.command.1.tlog
e:\users\liam\projects\unlimited\dependencies\glew-2.1.0\glew.dir\debug\glew.tlog\cl.read.1.tlog
e:\users\liam\projects\unlimited\dependencies\glew-2.1.0\glew.dir\debug\glew.tlog\cl.write.1.tlog
e:\users\liam\projects\unlimited\dependencies\glew-2.1.0\glew.dir\debug\glew.tlog\custombuild.command.1.tlog
e:\users\liam\projects\unlimited\dependencies\glew-2.1.0\glew.dir\debug\glew.tlog\custombuild.read.1.tlog
e:\users\liam\projects\unlimited\dependencies\glew-2.1.0\glew.dir\debug\glew.tlog\custombuild.write.1.tlog
e:\users\liam\projects\unlimited\dependencies\glew-2.1.0\glew.dir\debug\glew.tlog\glew.write.1u.tlog
e:\users\liam\projects\unlimited\dependencies\glew-2.1.0\glew.dir\debug\glew.tlog\link.command.1.tlog
e:\users\liam\projects\unlimited\dependencies\glew-2.1.0\glew.dir\debug\glew.tlog\link.read.1.tlog
e:\users\liam\projects\unlimited\dependencies\glew-2.1.0\glew.dir\debug\glew.tlog\link.write.1.tlog
e:\users\liam\projects\unlimited\dependencies\glew-2.1.0\glew.dir\debug\glew.tlog\rc.command.1.tlog
e:\users\liam\projects\unlimited\dependencies\glew-2.1.0\glew.dir\debug\glew.tlog\rc.read.1.tlog
e:\users\liam\projects\unlimited\dependencies\glew-2.1.0\glew.dir\debug\glew.tlog\rc.write.1.tlog
