e:\users\liam\projects\unlimited\unlimited\debug\vc141.pdb
e:\users\liam\projects\unlimited\unlimited\debug\vc141.idb
e:\users\liam\projects\unlimited\unlimited\debug\time.obj
e:\users\liam\projects\unlimited\unlimited\debug\mathf.obj
e:\users\liam\projects\unlimited\unlimited\debug\main.obj
e:\users\liam\projects\unlimited\unlimited\debug\shader.obj
e:\users\liam\projects\unlimited\unlimited\debug\helper.obj
e:\users\liam\projects\unlimited\unlimited\debug\mesh.obj
e:\users\liam\projects\unlimited\unlimited\debug\graphics.obj
e:\users\liam\projects\unlimited\unlimited\debug\eventhandler.obj
e:\users\liam\projects\unlimited\unlimited\debug\eventargs.obj
e:\users\liam\projects\unlimited\unlimited\debug\event.obj
e:\users\liam\projects\unlimited\unlimited\debug\common.obj
e:\users\liam\projects\unlimited\debug\unlimited.ilk
e:\users\liam\projects\unlimited\debug\unlimited.exe
e:\users\liam\projects\unlimited\debug\unlimited.pdb
e:\users\liam\projects\unlimited\unlimited\debug\unlimited.tlog\cl.command.1.tlog
e:\users\liam\projects\unlimited\unlimited\debug\unlimited.tlog\cl.read.1.tlog
e:\users\liam\projects\unlimited\unlimited\debug\unlimited.tlog\cl.write.1.tlog
e:\users\liam\projects\unlimited\unlimited\debug\unlimited.tlog\link.command.1.tlog
e:\users\liam\projects\unlimited\unlimited\debug\unlimited.tlog\link.read.1.tlog
e:\users\liam\projects\unlimited\unlimited\debug\unlimited.tlog\link.write.1.tlog
